[debug] [2024-03-29T07:38:41.471Z] ----------------------------------------------------------------------
[debug] [2024-03-29T07:38:41.483Z] Command:       /usr/local/bin/node /usr/local/bin/firebase deploy --only functions
[debug] [2024-03-29T07:38:41.484Z] CLI Version:   13.0.3
[debug] [2024-03-29T07:38:41.484Z] Platform:      darwin
[debug] [2024-03-29T07:38:41.485Z] Node Version:  v19.6.0
[debug] [2024-03-29T07:38:41.485Z] Time:          Fri Mar 29 2024 03:38:41 GMT-0400 (Eastern Daylight Time)
[debug] [2024-03-29T07:38:41.485Z] ----------------------------------------------------------------------
[debug] 
[debug] [2024-03-29T07:38:41.589Z] > command requires scopes: ["email","openid","https://www.googleapis.com/auth/cloudplatformprojects.readonly","https://www.googleapis.com/auth/firebase","https://www.googleapis.com/auth/cloud-platform"]
[debug] [2024-03-29T07:38:41.590Z] > authorizing via signed-in user (luigi.razon@stonybrook.edu)
[debug] [2024-03-29T07:38:41.591Z] [iam] checking project mediflow-568ba for permissions ["cloudfunctions.functions.create","cloudfunctions.functions.delete","cloudfunctions.functions.get","cloudfunctions.functions.list","cloudfunctions.functions.update","cloudfunctions.operations.get","firebase.projects.get"]
[debug] [2024-03-29T07:38:41.594Z] >>> [apiv2][query] POST https://cloudresourcemanager.googleapis.com/v1/projects/mediflow-568ba:testIamPermissions [none]
[debug] [2024-03-29T07:38:41.595Z] >>> [apiv2][(partial)header] POST https://cloudresourcemanager.googleapis.com/v1/projects/mediflow-568ba:testIamPermissions x-goog-quota-user=projects/mediflow-568ba
[debug] [2024-03-29T07:38:41.595Z] >>> [apiv2][body] POST https://cloudresourcemanager.googleapis.com/v1/projects/mediflow-568ba:testIamPermissions {"permissions":["cloudfunctions.functions.create","cloudfunctions.functions.delete","cloudfunctions.functions.get","cloudfunctions.functions.list","cloudfunctions.functions.update","cloudfunctions.operations.get","firebase.projects.get"]}
[debug] [2024-03-29T07:38:42.065Z] <<< [apiv2][status] POST https://cloudresourcemanager.googleapis.com/v1/projects/mediflow-568ba:testIamPermissions 200
[debug] [2024-03-29T07:38:42.065Z] <<< [apiv2][body] POST https://cloudresourcemanager.googleapis.com/v1/projects/mediflow-568ba:testIamPermissions {"permissions":["cloudfunctions.functions.create","cloudfunctions.functions.delete","cloudfunctions.functions.get","cloudfunctions.functions.list","cloudfunctions.functions.update","cloudfunctions.operations.get","firebase.projects.get"]}
[debug] [2024-03-29T07:38:42.066Z] >>> [apiv2][query] POST https://iam.googleapis.com/v1/projects/mediflow-568ba/serviceAccounts/mediflow-568ba@appspot.gserviceaccount.com:testIamPermissions [none]
[debug] [2024-03-29T07:38:42.066Z] >>> [apiv2][body] POST https://iam.googleapis.com/v1/projects/mediflow-568ba/serviceAccounts/mediflow-568ba@appspot.gserviceaccount.com:testIamPermissions {"permissions":["iam.serviceAccounts.actAs"]}
[debug] [2024-03-29T07:38:42.410Z] <<< [apiv2][status] POST https://iam.googleapis.com/v1/projects/mediflow-568ba/serviceAccounts/mediflow-568ba@appspot.gserviceaccount.com:testIamPermissions 200
[debug] [2024-03-29T07:38:42.411Z] <<< [apiv2][body] POST https://iam.googleapis.com/v1/projects/mediflow-568ba/serviceAccounts/mediflow-568ba@appspot.gserviceaccount.com:testIamPermissions {"permissions":["iam.serviceAccounts.actAs"]}
[info] 
[info] === Deploying to 'mediflow-568ba'...
[info] 
[info] i  deploying functions 
[debug] [2024-03-29T07:38:42.415Z] >>> [apiv2][query] GET https://firebase.googleapis.com/v1beta1/projects/mediflow-568ba [none]
[debug] [2024-03-29T07:38:42.937Z] <<< [apiv2][status] GET https://firebase.googleapis.com/v1beta1/projects/mediflow-568ba 200
[debug] [2024-03-29T07:38:42.937Z] <<< [apiv2][body] GET https://firebase.googleapis.com/v1beta1/projects/mediflow-568ba {"projectId":"mediflow-568ba","projectNumber":"167979714661","displayName":"Mediflow","name":"projects/mediflow-568ba","resources":{"hostingSite":"mediflow-568ba","storageBucket":"mediflow-568ba.appspot.com","locationId":"us-central"},"state":"ACTIVE","etag":"1_f5854f0f-df15-47e1-ad5a-5aa93cb7efdf"}
[info] i  functions: preparing codebase default for deployment 
[info] i  functions: ensuring required API cloudfunctions.googleapis.com is enabled... 
[info] i  functions: ensuring required API cloudbuild.googleapis.com is enabled... 
[info] i  artifactregistry: ensuring required API artifactregistry.googleapis.com is enabled... 
[debug] [2024-03-29T07:38:42.941Z] >>> [apiv2][query] GET https://serviceusage.googleapis.com/v1/projects/mediflow-568ba/services/cloudfunctions.googleapis.com [none]
[debug] [2024-03-29T07:38:42.942Z] >>> [apiv2][(partial)header] GET https://serviceusage.googleapis.com/v1/projects/mediflow-568ba/services/cloudfunctions.googleapis.com x-goog-quota-user=projects/mediflow-568ba
[debug] [2024-03-29T07:38:42.943Z] >>> [apiv2][query] GET https://serviceusage.googleapis.com/v1/projects/mediflow-568ba/services/runtimeconfig.googleapis.com [none]
[debug] [2024-03-29T07:38:42.943Z] >>> [apiv2][(partial)header] GET https://serviceusage.googleapis.com/v1/projects/mediflow-568ba/services/runtimeconfig.googleapis.com x-goog-quota-user=projects/mediflow-568ba
[debug] [2024-03-29T07:38:42.945Z] >>> [apiv2][query] GET https://serviceusage.googleapis.com/v1/projects/mediflow-568ba/services/cloudbuild.googleapis.com [none]
[debug] [2024-03-29T07:38:42.945Z] >>> [apiv2][(partial)header] GET https://serviceusage.googleapis.com/v1/projects/mediflow-568ba/services/cloudbuild.googleapis.com x-goog-quota-user=projects/mediflow-568ba
[debug] [2024-03-29T07:38:42.946Z] >>> [apiv2][query] GET https://serviceusage.googleapis.com/v1/projects/mediflow-568ba/services/artifactregistry.googleapis.com [none]
[debug] [2024-03-29T07:38:42.946Z] >>> [apiv2][(partial)header] GET https://serviceusage.googleapis.com/v1/projects/mediflow-568ba/services/artifactregistry.googleapis.com x-goog-quota-user=projects/mediflow-568ba
[debug] [2024-03-29T07:38:43.425Z] <<< [apiv2][status] GET https://serviceusage.googleapis.com/v1/projects/mediflow-568ba/services/runtimeconfig.googleapis.com 200
[debug] [2024-03-29T07:38:43.426Z] <<< [apiv2][body] GET https://serviceusage.googleapis.com/v1/projects/mediflow-568ba/services/runtimeconfig.googleapis.com [omitted]
[debug] [2024-03-29T07:38:43.426Z] <<< [apiv2][status] GET https://serviceusage.googleapis.com/v1/projects/mediflow-568ba/services/cloudbuild.googleapis.com 200
[debug] [2024-03-29T07:38:43.427Z] <<< [apiv2][body] GET https://serviceusage.googleapis.com/v1/projects/mediflow-568ba/services/cloudbuild.googleapis.com [omitted]
[info] ✔  functions: required API cloudbuild.googleapis.com is enabled 
[debug] [2024-03-29T07:38:43.428Z] <<< [apiv2][status] GET https://serviceusage.googleapis.com/v1/projects/mediflow-568ba/services/cloudfunctions.googleapis.com 200
[debug] [2024-03-29T07:38:43.429Z] <<< [apiv2][body] GET https://serviceusage.googleapis.com/v1/projects/mediflow-568ba/services/cloudfunctions.googleapis.com [omitted]
[info] ✔  functions: required API cloudfunctions.googleapis.com is enabled 
[debug] [2024-03-29T07:38:43.429Z] <<< [apiv2][status] GET https://serviceusage.googleapis.com/v1/projects/mediflow-568ba/services/artifactregistry.googleapis.com 200
[debug] [2024-03-29T07:38:43.430Z] <<< [apiv2][body] GET https://serviceusage.googleapis.com/v1/projects/mediflow-568ba/services/artifactregistry.googleapis.com [omitted]
[info] ✔  artifactregistry: required API artifactregistry.googleapis.com is enabled 
[debug] [2024-03-29T07:38:43.430Z] >>> [apiv2][query] GET https://firebase.googleapis.com/v1beta1/projects/mediflow-568ba/adminSdkConfig [none]
[debug] [2024-03-29T07:38:44.032Z] <<< [apiv2][status] GET https://firebase.googleapis.com/v1beta1/projects/mediflow-568ba/adminSdkConfig 200
[debug] [2024-03-29T07:38:44.032Z] <<< [apiv2][body] GET https://firebase.googleapis.com/v1beta1/projects/mediflow-568ba/adminSdkConfig {"projectId":"mediflow-568ba","storageBucket":"mediflow-568ba.appspot.com","locationId":"us-central"}
[debug] [2024-03-29T07:38:44.033Z] >>> [apiv2][query] GET https://runtimeconfig.googleapis.com/v1beta1/projects/mediflow-568ba/configs [none]
[debug] [2024-03-29T07:38:44.271Z] <<< [apiv2][status] GET https://runtimeconfig.googleapis.com/v1beta1/projects/mediflow-568ba/configs 200
[debug] [2024-03-29T07:38:44.271Z] <<< [apiv2][body] GET https://runtimeconfig.googleapis.com/v1beta1/projects/mediflow-568ba/configs {}
[debug] [2024-03-29T07:38:44.275Z] Validating nodejs source
[debug] [2024-03-29T07:38:45.512Z] > [functions] package.json contents: {
  "name": "functions",
  "description": "Cloud Functions for Firebase",
  "scripts": {
    "serve": "firebase emulators:start --only functions",
    "shell": "firebase functions:shell",
    "start": "npm run shell",
    "deploy": "firebase deploy --only functions",
    "logs": "firebase functions:log"
  },
  "engines": {
    "node": "18"
  },
  "main": "index.js",
  "dependencies": {
    "firebase-admin": "^11.8.0",
    "firebase-functions": "^4.3.1"
  },
  "devDependencies": {
    "firebase-functions-test": "^3.1.0"
  },
  "private": true
}
[debug] [2024-03-29T07:38:45.513Z] Building nodejs source
[info] i  functions: Loading and analyzing source code for codebase default to determine what to deploy 
[debug] [2024-03-29T07:38:45.514Z] Could not find functions.yaml. Must use http discovery
[debug] [2024-03-29T07:38:45.528Z] Found firebase-functions binary at '/Users/luigirazon/Desktop/Mediflow-CSE416/node_modules/.bin/firebase-functions'
[info] Serving at port 8232

[debug] [2024-03-29T07:38:46.591Z] Got response from /__/functions.yaml {"endpoints":{"retrieveTestData":{"platform":"gcfv1","labels":{},"availableMemoryMb":null,"timeoutSeconds":null,"minInstances":null,"maxInstances":null,"ingressSettings":null,"serviceAccountEmail":null,"vpc":null,"callableTrigger":{},"entryPoint":"retrieveTestData"},"addTestData":{"platform":"gcfv1","labels":{},"availableMemoryMb":null,"timeoutSeconds":null,"minInstances":null,"maxInstances":null,"ingressSettings":null,"serviceAccountEmail":null,"vpc":null,"callableTrigger":{},"entryPoint":"addTestData"}},"specVersion":"v1alpha1","requiredAPIs":[]}
[info] i  functions: preparing functions directory for uploading... 
[info] i  functions: packaged /Users/luigirazon/Desktop/Mediflow-CSE416/functions (66.68 KB) for uploading 
[debug] [2024-03-29T07:38:51.744Z] >>> [apiv2][query] GET https://cloudfunctions.googleapis.com/v1/projects/mediflow-568ba/locations/-/functions [none]
[debug] [2024-03-29T07:38:52.534Z] <<< [apiv2][status] GET https://cloudfunctions.googleapis.com/v1/projects/mediflow-568ba/locations/-/functions 200
[debug] [2024-03-29T07:38:52.534Z] <<< [apiv2][body] GET https://cloudfunctions.googleapis.com/v1/projects/mediflow-568ba/locations/-/functions {"functions":[{"name":"projects/mediflow-568ba/locations/us-central1/functions/retrieveTestData","httpsTrigger":{"url":"https://us-central1-mediflow-568ba.cloudfunctions.net/retrieveTestData","securityLevel":"SECURE_ALWAYS"},"status":"ACTIVE","entryPoint":"retrieveTestData","timeout":"60s","availableMemoryMb":256,"serviceAccountEmail":"mediflow-568ba@appspot.gserviceaccount.com","updateTime":"2024-03-29T05:58:57.242Z","versionId":"1","labels":{"deployment-tool":"cli-firebase","deployment-callable":"true","firebase-functions-hash":"824944e7115a1ac89bd1afd4fbb69d2b953e4b5d"},"sourceUploadUrl":"https://storage.googleapis.com/uploads-691601384155.us-central1.cloudfunctions.appspot.com/3a977435-f41a-4d86-9640-39878c70f880.zip","environmentVariables":{"FIREBASE_CONFIG":"{\"projectId\":\"mediflow-568ba\",\"storageBucket\":\"mediflow-568ba.appspot.com\",\"locationId\":\"us-central\"}","GCLOUD_PROJECT":"mediflow-568ba","EVENTARC_CLOUD_EVENT_SOURCE":"projects/mediflow-568ba/locations/us-central1/functions/retrieveTestData"},"runtime":"nodejs18","ingressSettings":"ALLOW_ALL","buildId":"93ade4b7-602f-47a0-a365-f3f31f2c366c","buildEnvironmentVariables":{"GOOGLE_NODE_RUN_SCRIPTS":""},"buildName":"projects/167979714661/locations/us-central1/builds/93ade4b7-602f-47a0-a365-f3f31f2c366c","dockerRegistry":"ARTIFACT_REGISTRY","automaticUpdatePolicy":{}}]}
[debug] [2024-03-29T07:38:52.535Z] >>> [apiv2][query] GET https://cloudfunctions.googleapis.com/v2/projects/mediflow-568ba/locations/-/functions filter=environment%3D%22GEN_2%22
[debug] [2024-03-29T07:38:53.032Z] <<< [apiv2][status] GET https://cloudfunctions.googleapis.com/v2/projects/mediflow-568ba/locations/-/functions 200
[debug] [2024-03-29T07:38:53.032Z] <<< [apiv2][body] GET https://cloudfunctions.googleapis.com/v2/projects/mediflow-568ba/locations/-/functions {}
[debug] [2024-03-29T07:38:53.036Z] >>> [apiv2][query] GET https://firebase.googleapis.com/v1beta1/projects/mediflow-568ba [none]
[debug] [2024-03-29T07:38:53.393Z] <<< [apiv2][status] GET https://firebase.googleapis.com/v1beta1/projects/mediflow-568ba 200
[debug] [2024-03-29T07:38:53.393Z] <<< [apiv2][body] GET https://firebase.googleapis.com/v1beta1/projects/mediflow-568ba {"projectId":"mediflow-568ba","projectNumber":"167979714661","displayName":"Mediflow","name":"projects/mediflow-568ba","resources":{"hostingSite":"mediflow-568ba","storageBucket":"mediflow-568ba.appspot.com","locationId":"us-central"},"state":"ACTIVE","etag":"1_f5854f0f-df15-47e1-ad5a-5aa93cb7efdf"}
[debug] [2024-03-29T07:38:53.395Z] >>> [apiv2][query] POST https://cloudfunctions.googleapis.com/v1/projects/mediflow-568ba/locations/us-central1/functions:generateUploadUrl [none]
[debug] [2024-03-29T07:38:53.395Z] >>> [apiv2][body] POST https://cloudfunctions.googleapis.com/v1/projects/mediflow-568ba/locations/us-central1/functions:generateUploadUrl {}
[debug] [2024-03-29T07:38:53.966Z] <<< [apiv2][status] POST https://cloudfunctions.googleapis.com/v1/projects/mediflow-568ba/locations/us-central1/functions:generateUploadUrl 200
[debug] [2024-03-29T07:38:53.966Z] <<< [apiv2][body] POST https://cloudfunctions.googleapis.com/v1/projects/mediflow-568ba/locations/us-central1/functions:generateUploadUrl {"uploadUrl":"https://storage.googleapis.com/uploads-691601384155.us-central1.cloudfunctions.appspot.com/88f924d5-20ca-46d6-ab7d-10f91af40bc5.zip?GoogleAccessId=service-167979714661@gcf-admin-robot.iam.gserviceaccount.com&Expires=1711699733&Signature=A09JExOq158IvQmKgWrAOpLScOZnOh3rvmPra9q1hsbLYL9QlEQBHx7Amt9qrzwhoTRalskvlekXX7pt1ZYHqma4Fma2lKbm6HNY5F198dwQKO3SZASWOqfLVw7X6AwWmLZT3CySiCMRJbiCRewzNfAbGXvV6I2UnQ6nMBZMNXmOX6s3rk8OqiaMTk%2FPQgRGHqcHYkTuia%2FPfWGRB4409%2Fid8ZwDGfV2u9ddeJz0WsFAnh69OdJctkbPPmwTZjAB%2FBrAXjWQWQKPUFRrGKltBX5WRQSMLiHhTMo7%2Brd1Tjwox7yCLuIcMqhLMRpAgqsF7jSegkmc00L1Ja%2B0AfeXnQ%3D%3D"}
[debug] [2024-03-29T07:38:53.967Z] >>> [apiv2][query] PUT https://storage.googleapis.com/uploads-691601384155.us-central1.cloudfunctions.appspot.com/88f924d5-20ca-46d6-ab7d-10f91af40bc5.zip GoogleAccessId=service-167979714661%40gcf-admin-robot.iam.gserviceaccount.com&Expires=1711699733&Signature=A09JExOq158IvQmKgWrAOpLScOZnOh3rvmPra9q1hsbLYL9QlEQBHx7Amt9qrzwhoTRalskvlekXX7pt1ZYHqma4Fma2lKbm6HNY5F198dwQKO3SZASWOqfLVw7X6AwWmLZT3CySiCMRJbiCRewzNfAbGXvV6I2UnQ6nMBZMNXmOX6s3rk8OqiaMTk%2FPQgRGHqcHYkTuia%2FPfWGRB4409%2Fid8ZwDGfV2u9ddeJz0WsFAnh69OdJctkbPPmwTZjAB%2FBrAXjWQWQKPUFRrGKltBX5WRQSMLiHhTMo7%2Brd1Tjwox7yCLuIcMqhLMRpAgqsF7jSegkmc00L1Ja%2B0AfeXnQ%3D%3D
[debug] [2024-03-29T07:38:53.967Z] >>> [apiv2][body] PUT https://storage.googleapis.com/uploads-691601384155.us-central1.cloudfunctions.appspot.com/88f924d5-20ca-46d6-ab7d-10f91af40bc5.zip [stream]
[debug] [2024-03-29T07:38:54.416Z] <<< [apiv2][status] PUT https://storage.googleapis.com/uploads-691601384155.us-central1.cloudfunctions.appspot.com/88f924d5-20ca-46d6-ab7d-10f91af40bc5.zip 200
[debug] [2024-03-29T07:38:54.416Z] <<< [apiv2][body] PUT https://storage.googleapis.com/uploads-691601384155.us-central1.cloudfunctions.appspot.com/88f924d5-20ca-46d6-ab7d-10f91af40bc5.zip [omitted]
[info] ✔  functions: functions folder uploaded successfully 
[info] i  functions: creating Node.js 18 (1st Gen) function addTestData(us-central1)... 
[info] i  functions: updating Node.js 18 (1st Gen) function retrieveTestData(us-central1)... 
[debug] [2024-03-29T07:38:54.423Z] >>> [apiv2][query] POST https://cloudfunctions.googleapis.com/v1/projects/mediflow-568ba/locations/us-central1/functions [none]
[debug] [2024-03-29T07:38:54.423Z] >>> [apiv2][body] POST https://cloudfunctions.googleapis.com/v1/projects/mediflow-568ba/locations/us-central1/functions {"name":"projects/mediflow-568ba/locations/us-central1/functions/addTestData","sourceUploadUrl":"https://storage.googleapis.com/uploads-691601384155.us-central1.cloudfunctions.appspot.com/88f924d5-20ca-46d6-ab7d-10f91af40bc5.zip?GoogleAccessId=service-167979714661@gcf-admin-robot.iam.gserviceaccount.com&Expires=1711699733&Signature=A09JExOq158IvQmKgWrAOpLScOZnOh3rvmPra9q1hsbLYL9QlEQBHx7Amt9qrzwhoTRalskvlekXX7pt1ZYHqma4Fma2lKbm6HNY5F198dwQKO3SZASWOqfLVw7X6AwWmLZT3CySiCMRJbiCRewzNfAbGXvV6I2UnQ6nMBZMNXmOX6s3rk8OqiaMTk%2FPQgRGHqcHYkTuia%2FPfWGRB4409%2Fid8ZwDGfV2u9ddeJz0WsFAnh69OdJctkbPPmwTZjAB%2FBrAXjWQWQKPUFRrGKltBX5WRQSMLiHhTMo7%2Brd1Tjwox7yCLuIcMqhLMRpAgqsF7jSegkmc00L1Ja%2B0AfeXnQ%3D%3D","entryPoint":"addTestData","runtime":"nodejs18","dockerRegistry":"ARTIFACT_REGISTRY","labels":{"deployment-tool":"cli-firebase","deployment-callable":"true","firebase-functions-hash":"0d321698c72efcf67d170222472347ac500b3595"},"httpsTrigger":{"securityLevel":"SECURE_ALWAYS"},"minInstances":null,"maxInstances":null,"ingressSettings":null,"environmentVariables":{"FIREBASE_CONFIG":"{\"projectId\":\"mediflow-568ba\",\"storageBucket\":\"mediflow-568ba.appspot.com\",\"locationId\":\"us-central\"}","GCLOUD_PROJECT":"mediflow-568ba","EVENTARC_CLOUD_EVENT_SOURCE":"projects/mediflow-568ba/locations/us-central1/functions/addTestData"},"serviceAccountEmail":null,"availableMemoryMb":null,"timeout":null,"vpcConnector":null,"vpcConnectorEgressSettings":null,"buildEnvironmentVariables":{"GOOGLE_NODE_RUN_SCRIPTS":""}}
[debug] [2024-03-29T07:38:54.958Z] <<< [apiv2][status] POST https://cloudfunctions.googleapis.com/v1/projects/mediflow-568ba/locations/us-central1/functions 200
[debug] [2024-03-29T07:38:54.958Z] <<< [apiv2][body] POST https://cloudfunctions.googleapis.com/v1/projects/mediflow-568ba/locations/us-central1/functions {"name":"operations/bWVkaWZsb3ctNTY4YmEvdXMtY2VudHJhbDEvYWRkVGVzdERhdGEvOUJaQTZVSjQ3djQ","metadata":{"@type":"type.googleapis.com/google.cloud.functions.v1.OperationMetadataV1","target":"projects/mediflow-568ba/locations/us-central1/functions/addTestData","type":"CREATE_FUNCTION","request":{"@type":"type.googleapis.com/google.cloud.functions.v1.CloudFunction","name":"projects/mediflow-568ba/locations/us-central1/functions/addTestData","httpsTrigger":{"securityLevel":"SECURE_ALWAYS"},"entryPoint":"addTestData","labels":{"deployment-tool":"cli-firebase","deployment-callable":"true","firebase-functions-hash":"0d321698c72efcf67d170222472347ac500b3595"},"sourceUploadUrl":"https://storage.googleapis.com/uploads-691601384155.us-central1.cloudfunctions.appspot.com/88f924d5-20ca-46d6-ab7d-10f91af40bc5.zip?GoogleAccessId=service-167979714661@gcf-admin-robot.iam.gserviceaccount.com&Expires=1711699733&Signature=A09JExOq158IvQmKgWrAOpLScOZnOh3rvmPra9q1hsbLYL9QlEQBHx7Amt9qrzwhoTRalskvlekXX7pt1ZYHqma4Fma2lKbm6HNY5F198dwQKO3SZASWOqfLVw7X6AwWmLZT3CySiCMRJbiCRewzNfAbGXvV6I2UnQ6nMBZMNXmOX6s3rk8OqiaMTk%2FPQgRGHqcHYkTuia%2FPfWGRB4409%2Fid8ZwDGfV2u9ddeJz0WsFAnh69OdJctkbPPmwTZjAB%2FBrAXjWQWQKPUFRrGKltBX5WRQSMLiHhTMo7%2Brd1Tjwox7yCLuIcMqhLMRpAgqsF7jSegkmc00L1Ja%2B0AfeXnQ%3D%3D","environmentVariables":{"FIREBASE_CONFIG":"{\"projectId\":\"mediflow-568ba\",\"storageBucket\":\"mediflow-568ba.appspot.com\",\"locationId\":\"us-central\"}","GCLOUD_PROJECT":"mediflow-568ba","EVENTARC_CLOUD_EVENT_SOURCE":"projects/mediflow-568ba/locations/us-central1/functions/addTestData"},"runtime":"nodejs18","buildEnvironmentVariables":{"GOOGLE_NODE_RUN_SCRIPTS":""},"dockerRegistry":"ARTIFACT_REGISTRY"},"versionId":"1","updateTime":"2024-03-29T07:38:54Z"}}
[debug] [2024-03-29T07:38:54.959Z] >>> [apiv2][query] GET https://cloudfunctions.googleapis.com/v1/operations/bWVkaWZsb3ctNTY4YmEvdXMtY2VudHJhbDEvYWRkVGVzdERhdGEvOUJaQTZVSjQ3djQ [none]
[debug] [2024-03-29T07:38:55.184Z] <<< [apiv2][status] GET https://cloudfunctions.googleapis.com/v1/operations/bWVkaWZsb3ctNTY4YmEvdXMtY2VudHJhbDEvYWRkVGVzdERhdGEvOUJaQTZVSjQ3djQ 200
[debug] [2024-03-29T07:38:55.184Z] <<< [apiv2][body] GET https://cloudfunctions.googleapis.com/v1/operations/bWVkaWZsb3ctNTY4YmEvdXMtY2VudHJhbDEvYWRkVGVzdERhdGEvOUJaQTZVSjQ3djQ {"name":"operations/bWVkaWZsb3ctNTY4YmEvdXMtY2VudHJhbDEvYWRkVGVzdERhdGEvOUJaQTZVSjQ3djQ","metadata":{"@type":"type.googleapis.com/google.cloud.functions.v1.OperationMetadataV1","target":"projects/mediflow-568ba/locations/us-central1/functions/addTestData","type":"CREATE_FUNCTION","request":{"@type":"type.googleapis.com/google.cloud.functions.v1.CloudFunction","name":"projects/mediflow-568ba/locations/us-central1/functions/addTestData","httpsTrigger":{"securityLevel":"SECURE_ALWAYS"},"entryPoint":"addTestData","labels":{"deployment-tool":"cli-firebase","deployment-callable":"true","firebase-functions-hash":"0d321698c72efcf67d170222472347ac500b3595"},"sourceUploadUrl":"https://storage.googleapis.com/uploads-691601384155.us-central1.cloudfunctions.appspot.com/88f924d5-20ca-46d6-ab7d-10f91af40bc5.zip?GoogleAccessId=service-167979714661@gcf-admin-robot.iam.gserviceaccount.com&Expires=1711699733&Signature=A09JExOq158IvQmKgWrAOpLScOZnOh3rvmPra9q1hsbLYL9QlEQBHx7Amt9qrzwhoTRalskvlekXX7pt1ZYHqma4Fma2lKbm6HNY5F198dwQKO3SZASWOqfLVw7X6AwWmLZT3CySiCMRJbiCRewzNfAbGXvV6I2UnQ6nMBZMNXmOX6s3rk8OqiaMTk%2FPQgRGHqcHYkTuia%2FPfWGRB4409%2Fid8ZwDGfV2u9ddeJz0WsFAnh69OdJctkbPPmwTZjAB%2FBrAXjWQWQKPUFRrGKltBX5WRQSMLiHhTMo7%2Brd1Tjwox7yCLuIcMqhLMRpAgqsF7jSegkmc00L1Ja%2B0AfeXnQ%3D%3D","environmentVariables":{"FIREBASE_CONFIG":"{\"projectId\":\"mediflow-568ba\",\"storageBucket\":\"mediflow-568ba.appspot.com\",\"locationId\":\"us-central\"}","GCLOUD_PROJECT":"mediflow-568ba","EVENTARC_CLOUD_EVENT_SOURCE":"projects/mediflow-568ba/locations/us-central1/functions/addTestData"},"runtime":"nodejs18","buildEnvironmentVariables":{"GOOGLE_NODE_RUN_SCRIPTS":""},"dockerRegistry":"ARTIFACT_REGISTRY"},"versionId":"1","updateTime":"2024-03-29T07:38:55Z"}}
[debug] [2024-03-29T07:38:55.691Z] [create-default-us-central1-addTestData] Retrying task index 0
[debug] [2024-03-29T07:38:55.692Z] >>> [apiv2][query] GET https://cloudfunctions.googleapis.com/v1/operations/bWVkaWZsb3ctNTY4YmEvdXMtY2VudHJhbDEvYWRkVGVzdERhdGEvOUJaQTZVSjQ3djQ [none]
[debug] [2024-03-29T07:38:55.862Z] <<< [apiv2][status] GET https://cloudfunctions.googleapis.com/v1/operations/bWVkaWZsb3ctNTY4YmEvdXMtY2VudHJhbDEvYWRkVGVzdERhdGEvOUJaQTZVSjQ3djQ 200
[debug] [2024-03-29T07:38:55.862Z] <<< [apiv2][body] GET https://cloudfunctions.googleapis.com/v1/operations/bWVkaWZsb3ctNTY4YmEvdXMtY2VudHJhbDEvYWRkVGVzdERhdGEvOUJaQTZVSjQ3djQ {"name":"operations/bWVkaWZsb3ctNTY4YmEvdXMtY2VudHJhbDEvYWRkVGVzdERhdGEvOUJaQTZVSjQ3djQ","metadata":{"@type":"type.googleapis.com/google.cloud.functions.v1.OperationMetadataV1","target":"projects/mediflow-568ba/locations/us-central1/functions/addTestData","type":"CREATE_FUNCTION","request":{"@type":"type.googleapis.com/google.cloud.functions.v1.CloudFunction","name":"projects/mediflow-568ba/locations/us-central1/functions/addTestData","httpsTrigger":{"securityLevel":"SECURE_ALWAYS"},"entryPoint":"addTestData","labels":{"deployment-tool":"cli-firebase","deployment-callable":"true","firebase-functions-hash":"0d321698c72efcf67d170222472347ac500b3595"},"sourceUploadUrl":"https://storage.googleapis.com/uploads-691601384155.us-central1.cloudfunctions.appspot.com/88f924d5-20ca-46d6-ab7d-10f91af40bc5.zip?GoogleAccessId=service-167979714661@gcf-admin-robot.iam.gserviceaccount.com&Expires=1711699733&Signature=A09JExOq158IvQmKgWrAOpLScOZnOh3rvmPra9q1hsbLYL9QlEQBHx7Amt9qrzwhoTRalskvlekXX7pt1ZYHqma4Fma2lKbm6HNY5F198dwQKO3SZASWOqfLVw7X6AwWmLZT3CySiCMRJbiCRewzNfAbGXvV6I2UnQ6nMBZMNXmOX6s3rk8OqiaMTk%2FPQgRGHqcHYkTuia%2FPfWGRB4409%2Fid8ZwDGfV2u9ddeJz0WsFAnh69OdJctkbPPmwTZjAB%2FBrAXjWQWQKPUFRrGKltBX5WRQSMLiHhTMo7%2Brd1Tjwox7yCLuIcMqhLMRpAgqsF7jSegkmc00L1Ja%2B0AfeXnQ%3D%3D","environmentVariables":{"FIREBASE_CONFIG":"{\"projectId\":\"mediflow-568ba\",\"storageBucket\":\"mediflow-568ba.appspot.com\",\"locationId\":\"us-central\"}","GCLOUD_PROJECT":"mediflow-568ba","EVENTARC_CLOUD_EVENT_SOURCE":"projects/mediflow-568ba/locations/us-central1/functions/addTestData"},"runtime":"nodejs18","buildEnvironmentVariables":{"GOOGLE_NODE_RUN_SCRIPTS":""},"dockerRegistry":"ARTIFACT_REGISTRY"},"versionId":"1","updateTime":"2024-03-29T07:38:55Z"}}
[debug] [2024-03-29T07:38:56.862Z] [create-default-us-central1-addTestData] Retrying task index 0
[debug] [2024-03-29T07:38:56.862Z] >>> [apiv2][query] GET https://cloudfunctions.googleapis.com/v1/operations/bWVkaWZsb3ctNTY4YmEvdXMtY2VudHJhbDEvYWRkVGVzdERhdGEvOUJaQTZVSjQ3djQ [none]
[debug] [2024-03-29T07:38:56.975Z] <<< [apiv2][status] GET https://cloudfunctions.googleapis.com/v1/operations/bWVkaWZsb3ctNTY4YmEvdXMtY2VudHJhbDEvYWRkVGVzdERhdGEvOUJaQTZVSjQ3djQ 200
[debug] [2024-03-29T07:38:56.976Z] <<< [apiv2][body] GET https://cloudfunctions.googleapis.com/v1/operations/bWVkaWZsb3ctNTY4YmEvdXMtY2VudHJhbDEvYWRkVGVzdERhdGEvOUJaQTZVSjQ3djQ {"name":"operations/bWVkaWZsb3ctNTY4YmEvdXMtY2VudHJhbDEvYWRkVGVzdERhdGEvOUJaQTZVSjQ3djQ","metadata":{"@type":"type.googleapis.com/google.cloud.functions.v1.OperationMetadataV1","target":"projects/mediflow-568ba/locations/us-central1/functions/addTestData","type":"CREATE_FUNCTION","request":{"@type":"type.googleapis.com/google.cloud.functions.v1.CloudFunction","name":"projects/mediflow-568ba/locations/us-central1/functions/addTestData","httpsTrigger":{"securityLevel":"SECURE_ALWAYS"},"entryPoint":"addTestData","labels":{"deployment-tool":"cli-firebase","deployment-callable":"true","firebase-functions-hash":"0d321698c72efcf67d170222472347ac500b3595"},"sourceUploadUrl":"https://storage.googleapis.com/uploads-691601384155.us-central1.cloudfunctions.appspot.com/88f924d5-20ca-46d6-ab7d-10f91af40bc5.zip?GoogleAccessId=service-167979714661@gcf-admin-robot.iam.gserviceaccount.com&Expires=1711699733&Signature=A09JExOq158IvQmKgWrAOpLScOZnOh3rvmPra9q1hsbLYL9QlEQBHx7Amt9qrzwhoTRalskvlekXX7pt1ZYHqma4Fma2lKbm6HNY5F198dwQKO3SZASWOqfLVw7X6AwWmLZT3CySiCMRJbiCRewzNfAbGXvV6I2UnQ6nMBZMNXmOX6s3rk8OqiaMTk%2FPQgRGHqcHYkTuia%2FPfWGRB4409%2Fid8ZwDGfV2u9ddeJz0WsFAnh69OdJctkbPPmwTZjAB%2FBrAXjWQWQKPUFRrGKltBX5WRQSMLiHhTMo7%2Brd1Tjwox7yCLuIcMqhLMRpAgqsF7jSegkmc00L1Ja%2B0AfeXnQ%3D%3D","environmentVariables":{"FIREBASE_CONFIG":"{\"projectId\":\"mediflow-568ba\",\"storageBucket\":\"mediflow-568ba.appspot.com\",\"locationId\":\"us-central\"}","GCLOUD_PROJECT":"mediflow-568ba","EVENTARC_CLOUD_EVENT_SOURCE":"projects/mediflow-568ba/locations/us-central1/functions/addTestData"},"runtime":"nodejs18","buildEnvironmentVariables":{"GOOGLE_NODE_RUN_SCRIPTS":""},"dockerRegistry":"ARTIFACT_REGISTRY"},"versionId":"1","updateTime":"2024-03-29T07:38:55Z","buildId":"d5e96cef-94ef-4828-9f2d-ba3dffef6f57","buildName":"projects/167979714661/locations/us-central1/builds/d5e96cef-94ef-4828-9f2d-ba3dffef6f57"}}
[debug] [2024-03-29T07:38:58.976Z] [create-default-us-central1-addTestData] Retrying task index 0
[debug] [2024-03-29T07:38:58.976Z] >>> [apiv2][query] GET https://cloudfunctions.googleapis.com/v1/operations/bWVkaWZsb3ctNTY4YmEvdXMtY2VudHJhbDEvYWRkVGVzdERhdGEvOUJaQTZVSjQ3djQ [none]
[debug] [2024-03-29T07:38:59.111Z] <<< [apiv2][status] GET https://cloudfunctions.googleapis.com/v1/operations/bWVkaWZsb3ctNTY4YmEvdXMtY2VudHJhbDEvYWRkVGVzdERhdGEvOUJaQTZVSjQ3djQ 200
[debug] [2024-03-29T07:38:59.112Z] <<< [apiv2][body] GET https://cloudfunctions.googleapis.com/v1/operations/bWVkaWZsb3ctNTY4YmEvdXMtY2VudHJhbDEvYWRkVGVzdERhdGEvOUJaQTZVSjQ3djQ {"name":"operations/bWVkaWZsb3ctNTY4YmEvdXMtY2VudHJhbDEvYWRkVGVzdERhdGEvOUJaQTZVSjQ3djQ","metadata":{"@type":"type.googleapis.com/google.cloud.functions.v1.OperationMetadataV1","target":"projects/mediflow-568ba/locations/us-central1/functions/addTestData","type":"CREATE_FUNCTION","request":{"@type":"type.googleapis.com/google.cloud.functions.v1.CloudFunction","name":"projects/mediflow-568ba/locations/us-central1/functions/addTestData","httpsTrigger":{"securityLevel":"SECURE_ALWAYS"},"entryPoint":"addTestData","labels":{"deployment-tool":"cli-firebase","deployment-callable":"true","firebase-functions-hash":"0d321698c72efcf67d170222472347ac500b3595"},"sourceUploadUrl":"https://storage.googleapis.com/uploads-691601384155.us-central1.cloudfunctions.appspot.com/88f924d5-20ca-46d6-ab7d-10f91af40bc5.zip?GoogleAccessId=service-167979714661@gcf-admin-robot.iam.gserviceaccount.com&Expires=1711699733&Signature=A09JExOq158IvQmKgWrAOpLScOZnOh3rvmPra9q1hsbLYL9QlEQBHx7Amt9qrzwhoTRalskvlekXX7pt1ZYHqma4Fma2lKbm6HNY5F198dwQKO3SZASWOqfLVw7X6AwWmLZT3CySiCMRJbiCRewzNfAbGXvV6I2UnQ6nMBZMNXmOX6s3rk8OqiaMTk%2FPQgRGHqcHYkTuia%2FPfWGRB4409%2Fid8ZwDGfV2u9ddeJz0WsFAnh69OdJctkbPPmwTZjAB%2FBrAXjWQWQKPUFRrGKltBX5WRQSMLiHhTMo7%2Brd1Tjwox7yCLuIcMqhLMRpAgqsF7jSegkmc00L1Ja%2B0AfeXnQ%3D%3D","environmentVariables":{"FIREBASE_CONFIG":"{\"projectId\":\"mediflow-568ba\",\"storageBucket\":\"mediflow-568ba.appspot.com\",\"locationId\":\"us-central\"}","GCLOUD_PROJECT":"mediflow-568ba","EVENTARC_CLOUD_EVENT_SOURCE":"projects/mediflow-568ba/locations/us-central1/functions/addTestData"},"runtime":"nodejs18","buildEnvironmentVariables":{"GOOGLE_NODE_RUN_SCRIPTS":""},"dockerRegistry":"ARTIFACT_REGISTRY"},"versionId":"1","updateTime":"2024-03-29T07:38:55Z","buildId":"d5e96cef-94ef-4828-9f2d-ba3dffef6f57","buildName":"projects/167979714661/locations/us-central1/builds/d5e96cef-94ef-4828-9f2d-ba3dffef6f57"}}
[debug] [2024-03-29T07:39:03.114Z] [create-default-us-central1-addTestData] Retrying task index 0
[debug] [2024-03-29T07:39:03.135Z] >>> [apiv2][query] GET https://cloudfunctions.googleapis.com/v1/operations/bWVkaWZsb3ctNTY4YmEvdXMtY2VudHJhbDEvYWRkVGVzdERhdGEvOUJaQTZVSjQ3djQ [none]
[debug] [2024-03-29T07:39:03.257Z] <<< [apiv2][status] GET https://cloudfunctions.googleapis.com/v1/operations/bWVkaWZsb3ctNTY4YmEvdXMtY2VudHJhbDEvYWRkVGVzdERhdGEvOUJaQTZVSjQ3djQ 200
[debug] [2024-03-29T07:39:03.257Z] <<< [apiv2][body] GET https://cloudfunctions.googleapis.com/v1/operations/bWVkaWZsb3ctNTY4YmEvdXMtY2VudHJhbDEvYWRkVGVzdERhdGEvOUJaQTZVSjQ3djQ {"name":"operations/bWVkaWZsb3ctNTY4YmEvdXMtY2VudHJhbDEvYWRkVGVzdERhdGEvOUJaQTZVSjQ3djQ","metadata":{"@type":"type.googleapis.com/google.cloud.functions.v1.OperationMetadataV1","target":"projects/mediflow-568ba/locations/us-central1/functions/addTestData","type":"CREATE_FUNCTION","request":{"@type":"type.googleapis.com/google.cloud.functions.v1.CloudFunction","name":"projects/mediflow-568ba/locations/us-central1/functions/addTestData","httpsTrigger":{"securityLevel":"SECURE_ALWAYS"},"entryPoint":"addTestData","labels":{"deployment-tool":"cli-firebase","deployment-callable":"true","firebase-functions-hash":"0d321698c72efcf67d170222472347ac500b3595"},"sourceUploadUrl":"https://storage.googleapis.com/uploads-691601384155.us-central1.cloudfunctions.appspot.com/88f924d5-20ca-46d6-ab7d-10f91af40bc5.zip?GoogleAccessId=service-167979714661@gcf-admin-robot.iam.gserviceaccount.com&Expires=1711699733&Signature=A09JExOq158IvQmKgWrAOpLScOZnOh3rvmPra9q1hsbLYL9QlEQBHx7Amt9qrzwhoTRalskvlekXX7pt1ZYHqma4Fma2lKbm6HNY5F198dwQKO3SZASWOqfLVw7X6AwWmLZT3CySiCMRJbiCRewzNfAbGXvV6I2UnQ6nMBZMNXmOX6s3rk8OqiaMTk%2FPQgRGHqcHYkTuia%2FPfWGRB4409%2Fid8ZwDGfV2u9ddeJz0WsFAnh69OdJctkbPPmwTZjAB%2FBrAXjWQWQKPUFRrGKltBX5WRQSMLiHhTMo7%2Brd1Tjwox7yCLuIcMqhLMRpAgqsF7jSegkmc00L1Ja%2B0AfeXnQ%3D%3D","environmentVariables":{"FIREBASE_CONFIG":"{\"projectId\":\"mediflow-568ba\",\"storageBucket\":\"mediflow-568ba.appspot.com\",\"locationId\":\"us-central\"}","GCLOUD_PROJECT":"mediflow-568ba","EVENTARC_CLOUD_EVENT_SOURCE":"projects/mediflow-568ba/locations/us-central1/functions/addTestData"},"runtime":"nodejs18","buildEnvironmentVariables":{"GOOGLE_NODE_RUN_SCRIPTS":""},"dockerRegistry":"ARTIFACT_REGISTRY"},"versionId":"1","updateTime":"2024-03-29T07:38:55Z","buildId":"d5e96cef-94ef-4828-9f2d-ba3dffef6f57","buildName":"projects/167979714661/locations/us-central1/builds/d5e96cef-94ef-4828-9f2d-ba3dffef6f57"}}
[debug] [2024-03-29T07:39:11.257Z] [create-default-us-central1-addTestData] Retrying task index 0
[debug] [2024-03-29T07:39:11.258Z] >>> [apiv2][query] GET https://cloudfunctions.googleapis.com/v1/operations/bWVkaWZsb3ctNTY4YmEvdXMtY2VudHJhbDEvYWRkVGVzdERhdGEvOUJaQTZVSjQ3djQ [none]
[debug] [2024-03-29T07:39:11.498Z] <<< [apiv2][status] GET https://cloudfunctions.googleapis.com/v1/operations/bWVkaWZsb3ctNTY4YmEvdXMtY2VudHJhbDEvYWRkVGVzdERhdGEvOUJaQTZVSjQ3djQ 200
[debug] [2024-03-29T07:39:11.498Z] <<< [apiv2][body] GET https://cloudfunctions.googleapis.com/v1/operations/bWVkaWZsb3ctNTY4YmEvdXMtY2VudHJhbDEvYWRkVGVzdERhdGEvOUJaQTZVSjQ3djQ {"name":"operations/bWVkaWZsb3ctNTY4YmEvdXMtY2VudHJhbDEvYWRkVGVzdERhdGEvOUJaQTZVSjQ3djQ","metadata":{"@type":"type.googleapis.com/google.cloud.functions.v1.OperationMetadataV1","target":"projects/mediflow-568ba/locations/us-central1/functions/addTestData","type":"CREATE_FUNCTION","request":{"@type":"type.googleapis.com/google.cloud.functions.v1.CloudFunction","name":"projects/mediflow-568ba/locations/us-central1/functions/addTestData","httpsTrigger":{"securityLevel":"SECURE_ALWAYS"},"entryPoint":"addTestData","labels":{"deployment-tool":"cli-firebase","deployment-callable":"true","firebase-functions-hash":"0d321698c72efcf67d170222472347ac500b3595"},"sourceUploadUrl":"https://storage.googleapis.com/uploads-691601384155.us-central1.cloudfunctions.appspot.com/88f924d5-20ca-46d6-ab7d-10f91af40bc5.zip?GoogleAccessId=service-167979714661@gcf-admin-robot.iam.gserviceaccount.com&Expires=1711699733&Signature=A09JExOq158IvQmKgWrAOpLScOZnOh3rvmPra9q1hsbLYL9QlEQBHx7Amt9qrzwhoTRalskvlekXX7pt1ZYHqma4Fma2lKbm6HNY5F198dwQKO3SZASWOqfLVw7X6AwWmLZT3CySiCMRJbiCRewzNfAbGXvV6I2UnQ6nMBZMNXmOX6s3rk8OqiaMTk%2FPQgRGHqcHYkTuia%2FPfWGRB4409%2Fid8ZwDGfV2u9ddeJz0WsFAnh69OdJctkbPPmwTZjAB%2FBrAXjWQWQKPUFRrGKltBX5WRQSMLiHhTMo7%2Brd1Tjwox7yCLuIcMqhLMRpAgqsF7jSegkmc00L1Ja%2B0AfeXnQ%3D%3D","environmentVariables":{"FIREBASE_CONFIG":"{\"projectId\":\"mediflow-568ba\",\"storageBucket\":\"mediflow-568ba.appspot.com\",\"locationId\":\"us-central\"}","GCLOUD_PROJECT":"mediflow-568ba","EVENTARC_CLOUD_EVENT_SOURCE":"projects/mediflow-568ba/locations/us-central1/functions/addTestData"},"runtime":"nodejs18","buildEnvironmentVariables":{"GOOGLE_NODE_RUN_SCRIPTS":""},"dockerRegistry":"ARTIFACT_REGISTRY"},"versionId":"1","updateTime":"2024-03-29T07:38:55Z","buildId":"d5e96cef-94ef-4828-9f2d-ba3dffef6f57","buildName":"projects/167979714661/locations/us-central1/builds/d5e96cef-94ef-4828-9f2d-ba3dffef6f57"}}
[debug] [2024-03-29T07:39:21.500Z] [create-default-us-central1-addTestData] Retrying task index 0
[debug] [2024-03-29T07:39:21.500Z] >>> [apiv2][query] GET https://cloudfunctions.googleapis.com/v1/operations/bWVkaWZsb3ctNTY4YmEvdXMtY2VudHJhbDEvYWRkVGVzdERhdGEvOUJaQTZVSjQ3djQ [none]
[debug] [2024-03-29T07:39:21.671Z] <<< [apiv2][status] GET https://cloudfunctions.googleapis.com/v1/operations/bWVkaWZsb3ctNTY4YmEvdXMtY2VudHJhbDEvYWRkVGVzdERhdGEvOUJaQTZVSjQ3djQ 200
[debug] [2024-03-29T07:39:21.672Z] <<< [apiv2][body] GET https://cloudfunctions.googleapis.com/v1/operations/bWVkaWZsb3ctNTY4YmEvdXMtY2VudHJhbDEvYWRkVGVzdERhdGEvOUJaQTZVSjQ3djQ {"name":"operations/bWVkaWZsb3ctNTY4YmEvdXMtY2VudHJhbDEvYWRkVGVzdERhdGEvOUJaQTZVSjQ3djQ","metadata":{"@type":"type.googleapis.com/google.cloud.functions.v1.OperationMetadataV1","target":"projects/mediflow-568ba/locations/us-central1/functions/addTestData","type":"CREATE_FUNCTION","request":{"@type":"type.googleapis.com/google.cloud.functions.v1.CloudFunction","name":"projects/mediflow-568ba/locations/us-central1/functions/addTestData","httpsTrigger":{"securityLevel":"SECURE_ALWAYS"},"entryPoint":"addTestData","labels":{"deployment-tool":"cli-firebase","deployment-callable":"true","firebase-functions-hash":"0d321698c72efcf67d170222472347ac500b3595"},"sourceUploadUrl":"https://storage.googleapis.com/uploads-691601384155.us-central1.cloudfunctions.appspot.com/88f924d5-20ca-46d6-ab7d-10f91af40bc5.zip?GoogleAccessId=service-167979714661@gcf-admin-robot.iam.gserviceaccount.com&Expires=1711699733&Signature=A09JExOq158IvQmKgWrAOpLScOZnOh3rvmPra9q1hsbLYL9QlEQBHx7Amt9qrzwhoTRalskvlekXX7pt1ZYHqma4Fma2lKbm6HNY5F198dwQKO3SZASWOqfLVw7X6AwWmLZT3CySiCMRJbiCRewzNfAbGXvV6I2UnQ6nMBZMNXmOX6s3rk8OqiaMTk%2FPQgRGHqcHYkTuia%2FPfWGRB4409%2Fid8ZwDGfV2u9ddeJz0WsFAnh69OdJctkbPPmwTZjAB%2FBrAXjWQWQKPUFRrGKltBX5WRQSMLiHhTMo7%2Brd1Tjwox7yCLuIcMqhLMRpAgqsF7jSegkmc00L1Ja%2B0AfeXnQ%3D%3D","environmentVariables":{"FIREBASE_CONFIG":"{\"projectId\":\"mediflow-568ba\",\"storageBucket\":\"mediflow-568ba.appspot.com\",\"locationId\":\"us-central\"}","GCLOUD_PROJECT":"mediflow-568ba","EVENTARC_CLOUD_EVENT_SOURCE":"projects/mediflow-568ba/locations/us-central1/functions/addTestData"},"runtime":"nodejs18","buildEnvironmentVariables":{"GOOGLE_NODE_RUN_SCRIPTS":""},"dockerRegistry":"ARTIFACT_REGISTRY"},"versionId":"1","updateTime":"2024-03-29T07:38:55Z","buildId":"d5e96cef-94ef-4828-9f2d-ba3dffef6f57","buildName":"projects/167979714661/locations/us-central1/builds/d5e96cef-94ef-4828-9f2d-ba3dffef6f57"}}
[debug] [2024-03-29T07:39:31.673Z] [create-default-us-central1-addTestData] Retrying task index 0
[debug] [2024-03-29T07:39:31.674Z] >>> [apiv2][query] GET https://cloudfunctions.googleapis.com/v1/operations/bWVkaWZsb3ctNTY4YmEvdXMtY2VudHJhbDEvYWRkVGVzdERhdGEvOUJaQTZVSjQ3djQ [none]
[debug] [2024-03-29T07:39:31.904Z] <<< [apiv2][status] GET https://cloudfunctions.googleapis.com/v1/operations/bWVkaWZsb3ctNTY4YmEvdXMtY2VudHJhbDEvYWRkVGVzdERhdGEvOUJaQTZVSjQ3djQ 200
[debug] [2024-03-29T07:39:31.905Z] <<< [apiv2][body] GET https://cloudfunctions.googleapis.com/v1/operations/bWVkaWZsb3ctNTY4YmEvdXMtY2VudHJhbDEvYWRkVGVzdERhdGEvOUJaQTZVSjQ3djQ {"name":"operations/bWVkaWZsb3ctNTY4YmEvdXMtY2VudHJhbDEvYWRkVGVzdERhdGEvOUJaQTZVSjQ3djQ","metadata":{"@type":"type.googleapis.com/google.cloud.functions.v1.OperationMetadataV1","target":"projects/mediflow-568ba/locations/us-central1/functions/addTestData","type":"CREATE_FUNCTION","request":{"@type":"type.googleapis.com/google.cloud.functions.v1.CloudFunction","name":"projects/mediflow-568ba/locations/us-central1/functions/addTestData","httpsTrigger":{"securityLevel":"SECURE_ALWAYS"},"entryPoint":"addTestData","labels":{"deployment-tool":"cli-firebase","deployment-callable":"true","firebase-functions-hash":"0d321698c72efcf67d170222472347ac500b3595"},"sourceUploadUrl":"https://storage.googleapis.com/uploads-691601384155.us-central1.cloudfunctions.appspot.com/88f924d5-20ca-46d6-ab7d-10f91af40bc5.zip?GoogleAccessId=service-167979714661@gcf-admin-robot.iam.gserviceaccount.com&Expires=1711699733&Signature=A09JExOq158IvQmKgWrAOpLScOZnOh3rvmPra9q1hsbLYL9QlEQBHx7Amt9qrzwhoTRalskvlekXX7pt1ZYHqma4Fma2lKbm6HNY5F198dwQKO3SZASWOqfLVw7X6AwWmLZT3CySiCMRJbiCRewzNfAbGXvV6I2UnQ6nMBZMNXmOX6s3rk8OqiaMTk%2FPQgRGHqcHYkTuia%2FPfWGRB4409%2Fid8ZwDGfV2u9ddeJz0WsFAnh69OdJctkbPPmwTZjAB%2FBrAXjWQWQKPUFRrGKltBX5WRQSMLiHhTMo7%2Brd1Tjwox7yCLuIcMqhLMRpAgqsF7jSegkmc00L1Ja%2B0AfeXnQ%3D%3D","environmentVariables":{"FIREBASE_CONFIG":"{\"projectId\":\"mediflow-568ba\",\"storageBucket\":\"mediflow-568ba.appspot.com\",\"locationId\":\"us-central\"}","GCLOUD_PROJECT":"mediflow-568ba","EVENTARC_CLOUD_EVENT_SOURCE":"projects/mediflow-568ba/locations/us-central1/functions/addTestData"},"runtime":"nodejs18","buildEnvironmentVariables":{"GOOGLE_NODE_RUN_SCRIPTS":""},"dockerRegistry":"ARTIFACT_REGISTRY"},"versionId":"1","updateTime":"2024-03-29T07:38:55Z","buildId":"d5e96cef-94ef-4828-9f2d-ba3dffef6f57","buildName":"projects/167979714661/locations/us-central1/builds/d5e96cef-94ef-4828-9f2d-ba3dffef6f57"}}
[debug] [2024-03-29T07:39:41.906Z] [create-default-us-central1-addTestData] Retrying task index 0
[debug] [2024-03-29T07:39:41.908Z] >>> [apiv2][query] GET https://cloudfunctions.googleapis.com/v1/operations/bWVkaWZsb3ctNTY4YmEvdXMtY2VudHJhbDEvYWRkVGVzdERhdGEvOUJaQTZVSjQ3djQ [none]
[debug] [2024-03-29T07:39:42.150Z] <<< [apiv2][status] GET https://cloudfunctions.googleapis.com/v1/operations/bWVkaWZsb3ctNTY4YmEvdXMtY2VudHJhbDEvYWRkVGVzdERhdGEvOUJaQTZVSjQ3djQ 200
[debug] [2024-03-29T07:39:42.150Z] <<< [apiv2][body] GET https://cloudfunctions.googleapis.com/v1/operations/bWVkaWZsb3ctNTY4YmEvdXMtY2VudHJhbDEvYWRkVGVzdERhdGEvOUJaQTZVSjQ3djQ {"name":"operations/bWVkaWZsb3ctNTY4YmEvdXMtY2VudHJhbDEvYWRkVGVzdERhdGEvOUJaQTZVSjQ3djQ","metadata":{"@type":"type.googleapis.com/google.cloud.functions.v1.OperationMetadataV1","target":"projects/mediflow-568ba/locations/us-central1/functions/addTestData","type":"CREATE_FUNCTION","request":{"@type":"type.googleapis.com/google.cloud.functions.v1.CloudFunction","name":"projects/mediflow-568ba/locations/us-central1/functions/addTestData","httpsTrigger":{"securityLevel":"SECURE_ALWAYS"},"entryPoint":"addTestData","labels":{"deployment-tool":"cli-firebase","deployment-callable":"true","firebase-functions-hash":"0d321698c72efcf67d170222472347ac500b3595"},"sourceUploadUrl":"https://storage.googleapis.com/uploads-691601384155.us-central1.cloudfunctions.appspot.com/88f924d5-20ca-46d6-ab7d-10f91af40bc5.zip?GoogleAccessId=service-167979714661@gcf-admin-robot.iam.gserviceaccount.com&Expires=1711699733&Signature=A09JExOq158IvQmKgWrAOpLScOZnOh3rvmPra9q1hsbLYL9QlEQBHx7Amt9qrzwhoTRalskvlekXX7pt1ZYHqma4Fma2lKbm6HNY5F198dwQKO3SZASWOqfLVw7X6AwWmLZT3CySiCMRJbiCRewzNfAbGXvV6I2UnQ6nMBZMNXmOX6s3rk8OqiaMTk%2FPQgRGHqcHYkTuia%2FPfWGRB4409%2Fid8ZwDGfV2u9ddeJz0WsFAnh69OdJctkbPPmwTZjAB%2FBrAXjWQWQKPUFRrGKltBX5WRQSMLiHhTMo7%2Brd1Tjwox7yCLuIcMqhLMRpAgqsF7jSegkmc00L1Ja%2B0AfeXnQ%3D%3D","environmentVariables":{"FIREBASE_CONFIG":"{\"projectId\":\"mediflow-568ba\",\"storageBucket\":\"mediflow-568ba.appspot.com\",\"locationId\":\"us-central\"}","GCLOUD_PROJECT":"mediflow-568ba","EVENTARC_CLOUD_EVENT_SOURCE":"projects/mediflow-568ba/locations/us-central1/functions/addTestData"},"runtime":"nodejs18","buildEnvironmentVariables":{"GOOGLE_NODE_RUN_SCRIPTS":""},"dockerRegistry":"ARTIFACT_REGISTRY"},"versionId":"1","updateTime":"2024-03-29T07:38:55Z","buildId":"d5e96cef-94ef-4828-9f2d-ba3dffef6f57","buildName":"projects/167979714661/locations/us-central1/builds/d5e96cef-94ef-4828-9f2d-ba3dffef6f57"}}
[debug] [2024-03-29T07:39:52.152Z] [create-default-us-central1-addTestData] Retrying task index 0
[debug] [2024-03-29T07:39:52.152Z] >>> [apiv2][query] GET https://cloudfunctions.googleapis.com/v1/operations/bWVkaWZsb3ctNTY4YmEvdXMtY2VudHJhbDEvYWRkVGVzdERhdGEvOUJaQTZVSjQ3djQ [none]
[debug] [2024-03-29T07:39:52.337Z] <<< [apiv2][status] GET https://cloudfunctions.googleapis.com/v1/operations/bWVkaWZsb3ctNTY4YmEvdXMtY2VudHJhbDEvYWRkVGVzdERhdGEvOUJaQTZVSjQ3djQ 200
[debug] [2024-03-29T07:39:52.337Z] <<< [apiv2][body] GET https://cloudfunctions.googleapis.com/v1/operations/bWVkaWZsb3ctNTY4YmEvdXMtY2VudHJhbDEvYWRkVGVzdERhdGEvOUJaQTZVSjQ3djQ {"name":"operations/bWVkaWZsb3ctNTY4YmEvdXMtY2VudHJhbDEvYWRkVGVzdERhdGEvOUJaQTZVSjQ3djQ","metadata":{"@type":"type.googleapis.com/google.cloud.functions.v1.OperationMetadataV1","target":"projects/mediflow-568ba/locations/us-central1/functions/addTestData","type":"CREATE_FUNCTION","request":{"@type":"type.googleapis.com/google.cloud.functions.v1.CloudFunction","name":"projects/mediflow-568ba/locations/us-central1/functions/addTestData","httpsTrigger":{"securityLevel":"SECURE_ALWAYS"},"entryPoint":"addTestData","labels":{"deployment-tool":"cli-firebase","deployment-callable":"true","firebase-functions-hash":"0d321698c72efcf67d170222472347ac500b3595"},"sourceUploadUrl":"https://storage.googleapis.com/uploads-691601384155.us-central1.cloudfunctions.appspot.com/88f924d5-20ca-46d6-ab7d-10f91af40bc5.zip?GoogleAccessId=service-167979714661@gcf-admin-robot.iam.gserviceaccount.com&Expires=1711699733&Signature=A09JExOq158IvQmKgWrAOpLScOZnOh3rvmPra9q1hsbLYL9QlEQBHx7Amt9qrzwhoTRalskvlekXX7pt1ZYHqma4Fma2lKbm6HNY5F198dwQKO3SZASWOqfLVw7X6AwWmLZT3CySiCMRJbiCRewzNfAbGXvV6I2UnQ6nMBZMNXmOX6s3rk8OqiaMTk%2FPQgRGHqcHYkTuia%2FPfWGRB4409%2Fid8ZwDGfV2u9ddeJz0WsFAnh69OdJctkbPPmwTZjAB%2FBrAXjWQWQKPUFRrGKltBX5WRQSMLiHhTMo7%2Brd1Tjwox7yCLuIcMqhLMRpAgqsF7jSegkmc00L1Ja%2B0AfeXnQ%3D%3D","environmentVariables":{"FIREBASE_CONFIG":"{\"projectId\":\"mediflow-568ba\",\"storageBucket\":\"mediflow-568ba.appspot.com\",\"locationId\":\"us-central\"}","GCLOUD_PROJECT":"mediflow-568ba","EVENTARC_CLOUD_EVENT_SOURCE":"projects/mediflow-568ba/locations/us-central1/functions/addTestData"},"runtime":"nodejs18","buildEnvironmentVariables":{"GOOGLE_NODE_RUN_SCRIPTS":""},"dockerRegistry":"ARTIFACT_REGISTRY"},"versionId":"1","updateTime":"2024-03-29T07:38:55Z","buildId":"d5e96cef-94ef-4828-9f2d-ba3dffef6f57","sourceToken":"f7bac28b-6de4-4802-b7ed-9ade66180c0c","buildName":"projects/167979714661/locations/us-central1/builds/d5e96cef-94ef-4828-9f2d-ba3dffef6f57"}}
[debug] [2024-03-29T07:39:52.337Z] Got source token f7bac28b-6de4-4802-b7ed-9ade66180c0c for region us-central1
[debug] [2024-03-29T07:39:52.338Z] >>> [apiv2][query] PATCH https://cloudfunctions.googleapis.com/v1/projects/mediflow-568ba/locations/us-central1/functions/retrieveTestData updateMask=name%2CsourceUploadUrl%2CentryPoint%2Cruntime%2CdockerRegistry%2Clabels%2ChttpsTrigger.securityLevel%2CminInstances%2CmaxInstances%2CingressSettings%2CenvironmentVariables%2CserviceAccountEmail%2CavailableMemoryMb%2Ctimeout%2CvpcConnector%2CvpcConnectorEgressSettings%2CsourceToken%2CbuildEnvironmentVariables
[debug] [2024-03-29T07:39:52.338Z] >>> [apiv2][body] PATCH https://cloudfunctions.googleapis.com/v1/projects/mediflow-568ba/locations/us-central1/functions/retrieveTestData {"name":"projects/mediflow-568ba/locations/us-central1/functions/retrieveTestData","sourceUploadUrl":"https://storage.googleapis.com/uploads-691601384155.us-central1.cloudfunctions.appspot.com/88f924d5-20ca-46d6-ab7d-10f91af40bc5.zip?GoogleAccessId=service-167979714661@gcf-admin-robot.iam.gserviceaccount.com&Expires=1711699733&Signature=A09JExOq158IvQmKgWrAOpLScOZnOh3rvmPra9q1hsbLYL9QlEQBHx7Amt9qrzwhoTRalskvlekXX7pt1ZYHqma4Fma2lKbm6HNY5F198dwQKO3SZASWOqfLVw7X6AwWmLZT3CySiCMRJbiCRewzNfAbGXvV6I2UnQ6nMBZMNXmOX6s3rk8OqiaMTk%2FPQgRGHqcHYkTuia%2FPfWGRB4409%2Fid8ZwDGfV2u9ddeJz0WsFAnh69OdJctkbPPmwTZjAB%2FBrAXjWQWQKPUFRrGKltBX5WRQSMLiHhTMo7%2Brd1Tjwox7yCLuIcMqhLMRpAgqsF7jSegkmc00L1Ja%2B0AfeXnQ%3D%3D","entryPoint":"retrieveTestData","runtime":"nodejs18","dockerRegistry":"ARTIFACT_REGISTRY","labels":{"deployment-tool":"cli-firebase","deployment-callable":"true","firebase-functions-hash":"0d321698c72efcf67d170222472347ac500b3595"},"httpsTrigger":{"securityLevel":"SECURE_ALWAYS"},"minInstances":null,"maxInstances":null,"ingressSettings":null,"environmentVariables":{"FIREBASE_CONFIG":"{\"projectId\":\"mediflow-568ba\",\"storageBucket\":\"mediflow-568ba.appspot.com\",\"locationId\":\"us-central\"}","GCLOUD_PROJECT":"mediflow-568ba","EVENTARC_CLOUD_EVENT_SOURCE":"projects/mediflow-568ba/locations/us-central1/functions/retrieveTestData"},"serviceAccountEmail":null,"availableMemoryMb":null,"timeout":null,"vpcConnector":null,"vpcConnectorEgressSettings":null,"sourceToken":"f7bac28b-6de4-4802-b7ed-9ade66180c0c","buildEnvironmentVariables":{"GOOGLE_NODE_RUN_SCRIPTS":""}}
[debug] [2024-03-29T07:39:52.938Z] <<< [apiv2][status] PATCH https://cloudfunctions.googleapis.com/v1/projects/mediflow-568ba/locations/us-central1/functions/retrieveTestData 200
[debug] [2024-03-29T07:39:52.939Z] <<< [apiv2][body] PATCH https://cloudfunctions.googleapis.com/v1/projects/mediflow-568ba/locations/us-central1/functions/retrieveTestData {"name":"operations/bWVkaWZsb3ctNTY4YmEvdXMtY2VudHJhbDEvcmV0cmlldmVUZXN0RGF0YS9QTkNWYXRQbGR3RQ","metadata":{"@type":"type.googleapis.com/google.cloud.functions.v1.OperationMetadataV1","target":"projects/mediflow-568ba/locations/us-central1/functions/retrieveTestData","type":"UPDATE_FUNCTION","request":{"@type":"type.googleapis.com/google.cloud.functions.v1.CloudFunction","name":"projects/mediflow-568ba/locations/us-central1/functions/retrieveTestData","httpsTrigger":{"url":"https://us-central1-mediflow-568ba.cloudfunctions.net/retrieveTestData","securityLevel":"SECURE_ALWAYS"},"status":"ACTIVE","entryPoint":"retrieveTestData","updateTime":"2024-03-29T05:58:57.242Z","versionId":"1","labels":{"deployment-tool":"cli-firebase","deployment-callable":"true","firebase-functions-hash":"0d321698c72efcf67d170222472347ac500b3595"},"sourceUploadUrl":"https://storage.googleapis.com/uploads-691601384155.us-central1.cloudfunctions.appspot.com/88f924d5-20ca-46d6-ab7d-10f91af40bc5.zip?GoogleAccessId=service-167979714661@gcf-admin-robot.iam.gserviceaccount.com&Expires=1711699733&Signature=A09JExOq158IvQmKgWrAOpLScOZnOh3rvmPra9q1hsbLYL9QlEQBHx7Amt9qrzwhoTRalskvlekXX7pt1ZYHqma4Fma2lKbm6HNY5F198dwQKO3SZASWOqfLVw7X6AwWmLZT3CySiCMRJbiCRewzNfAbGXvV6I2UnQ6nMBZMNXmOX6s3rk8OqiaMTk%2FPQgRGHqcHYkTuia%2FPfWGRB4409%2Fid8ZwDGfV2u9ddeJz0WsFAnh69OdJctkbPPmwTZjAB%2FBrAXjWQWQKPUFRrGKltBX5WRQSMLiHhTMo7%2Brd1Tjwox7yCLuIcMqhLMRpAgqsF7jSegkmc00L1Ja%2B0AfeXnQ%3D%3D","environmentVariables":{"FIREBASE_CONFIG":"{\"projectId\":\"mediflow-568ba\",\"storageBucket\":\"mediflow-568ba.appspot.com\",\"locationId\":\"us-central\"}","GCLOUD_PROJECT":"mediflow-568ba","EVENTARC_CLOUD_EVENT_SOURCE":"projects/mediflow-568ba/locations/us-central1/functions/retrieveTestData"},"runtime":"nodejs18","buildId":"93ade4b7-602f-47a0-a365-f3f31f2c366c","buildEnvironmentVariables":{"GOOGLE_NODE_RUN_SCRIPTS":""},"sourceToken":"f7bac28b-6de4-4802-b7ed-9ade66180c0c","buildName":"projects/167979714661/locations/us-central1/builds/93ade4b7-602f-47a0-a365-f3f31f2c366c","dockerRegistry":"ARTIFACT_REGISTRY","automaticUpdatePolicy":{}},"versionId":"2","updateTime":"2024-03-29T07:39:52Z","sourceToken":"f7bac28b-6de4-4802-b7ed-9ade66180c0c"}}
[debug] [2024-03-29T07:39:52.941Z] >>> [apiv2][query] GET https://cloudfunctions.googleapis.com/v1/operations/bWVkaWZsb3ctNTY4YmEvdXMtY2VudHJhbDEvcmV0cmlldmVUZXN0RGF0YS9QTkNWYXRQbGR3RQ [none]
[debug] [2024-03-29T07:39:53.065Z] <<< [apiv2][status] GET https://cloudfunctions.googleapis.com/v1/operations/bWVkaWZsb3ctNTY4YmEvdXMtY2VudHJhbDEvcmV0cmlldmVUZXN0RGF0YS9QTkNWYXRQbGR3RQ 200
[debug] [2024-03-29T07:39:53.065Z] <<< [apiv2][body] GET https://cloudfunctions.googleapis.com/v1/operations/bWVkaWZsb3ctNTY4YmEvdXMtY2VudHJhbDEvcmV0cmlldmVUZXN0RGF0YS9QTkNWYXRQbGR3RQ {"name":"operations/bWVkaWZsb3ctNTY4YmEvdXMtY2VudHJhbDEvcmV0cmlldmVUZXN0RGF0YS9QTkNWYXRQbGR3RQ","metadata":{"@type":"type.googleapis.com/google.cloud.functions.v1.OperationMetadataV1","target":"projects/mediflow-568ba/locations/us-central1/functions/retrieveTestData","type":"UPDATE_FUNCTION","request":{"@type":"type.googleapis.com/google.cloud.functions.v1.CloudFunction","name":"projects/mediflow-568ba/locations/us-central1/functions/retrieveTestData","httpsTrigger":{"url":"https://us-central1-mediflow-568ba.cloudfunctions.net/retrieveTestData","securityLevel":"SECURE_ALWAYS"},"status":"ACTIVE","entryPoint":"retrieveTestData","updateTime":"2024-03-29T05:58:57.242Z","versionId":"1","labels":{"deployment-tool":"cli-firebase","deployment-callable":"true","firebase-functions-hash":"0d321698c72efcf67d170222472347ac500b3595"},"sourceUploadUrl":"https://storage.googleapis.com/uploads-691601384155.us-central1.cloudfunctions.appspot.com/88f924d5-20ca-46d6-ab7d-10f91af40bc5.zip?GoogleAccessId=service-167979714661@gcf-admin-robot.iam.gserviceaccount.com&Expires=1711699733&Signature=A09JExOq158IvQmKgWrAOpLScOZnOh3rvmPra9q1hsbLYL9QlEQBHx7Amt9qrzwhoTRalskvlekXX7pt1ZYHqma4Fma2lKbm6HNY5F198dwQKO3SZASWOqfLVw7X6AwWmLZT3CySiCMRJbiCRewzNfAbGXvV6I2UnQ6nMBZMNXmOX6s3rk8OqiaMTk%2FPQgRGHqcHYkTuia%2FPfWGRB4409%2Fid8ZwDGfV2u9ddeJz0WsFAnh69OdJctkbPPmwTZjAB%2FBrAXjWQWQKPUFRrGKltBX5WRQSMLiHhTMo7%2Brd1Tjwox7yCLuIcMqhLMRpAgqsF7jSegkmc00L1Ja%2B0AfeXnQ%3D%3D","environmentVariables":{"FIREBASE_CONFIG":"{\"projectId\":\"mediflow-568ba\",\"storageBucket\":\"mediflow-568ba.appspot.com\",\"locationId\":\"us-central\"}","GCLOUD_PROJECT":"mediflow-568ba","EVENTARC_CLOUD_EVENT_SOURCE":"projects/mediflow-568ba/locations/us-central1/functions/retrieveTestData"},"runtime":"nodejs18","buildId":"93ade4b7-602f-47a0-a365-f3f31f2c366c","buildEnvironmentVariables":{"GOOGLE_NODE_RUN_SCRIPTS":""},"sourceToken":"f7bac28b-6de4-4802-b7ed-9ade66180c0c","buildName":"projects/167979714661/locations/us-central1/builds/93ade4b7-602f-47a0-a365-f3f31f2c366c","dockerRegistry":"ARTIFACT_REGISTRY","automaticUpdatePolicy":{}},"versionId":"2","updateTime":"2024-03-29T07:39:53Z","sourceToken":"f7bac28b-6de4-4802-b7ed-9ade66180c0c"}}
[debug] [2024-03-29T07:39:53.065Z] Got source token f7bac28b-6de4-4802-b7ed-9ade66180c0c for region us-central1
[debug] [2024-03-29T07:39:53.567Z] [update-default-us-central1-retrieveTestData] Retrying task index 0
[debug] [2024-03-29T07:39:53.567Z] >>> [apiv2][query] GET https://cloudfunctions.googleapis.com/v1/operations/bWVkaWZsb3ctNTY4YmEvdXMtY2VudHJhbDEvcmV0cmlldmVUZXN0RGF0YS9QTkNWYXRQbGR3RQ [none]
[debug] [2024-03-29T07:39:53.682Z] <<< [apiv2][status] GET https://cloudfunctions.googleapis.com/v1/operations/bWVkaWZsb3ctNTY4YmEvdXMtY2VudHJhbDEvcmV0cmlldmVUZXN0RGF0YS9QTkNWYXRQbGR3RQ 200
[debug] [2024-03-29T07:39:53.683Z] <<< [apiv2][body] GET https://cloudfunctions.googleapis.com/v1/operations/bWVkaWZsb3ctNTY4YmEvdXMtY2VudHJhbDEvcmV0cmlldmVUZXN0RGF0YS9QTkNWYXRQbGR3RQ {"name":"operations/bWVkaWZsb3ctNTY4YmEvdXMtY2VudHJhbDEvcmV0cmlldmVUZXN0RGF0YS9QTkNWYXRQbGR3RQ","metadata":{"@type":"type.googleapis.com/google.cloud.functions.v1.OperationMetadataV1","target":"projects/mediflow-568ba/locations/us-central1/functions/retrieveTestData","type":"UPDATE_FUNCTION","request":{"@type":"type.googleapis.com/google.cloud.functions.v1.CloudFunction","name":"projects/mediflow-568ba/locations/us-central1/functions/retrieveTestData","httpsTrigger":{"url":"https://us-central1-mediflow-568ba.cloudfunctions.net/retrieveTestData","securityLevel":"SECURE_ALWAYS"},"status":"ACTIVE","entryPoint":"retrieveTestData","updateTime":"2024-03-29T05:58:57.242Z","versionId":"1","labels":{"deployment-tool":"cli-firebase","deployment-callable":"true","firebase-functions-hash":"0d321698c72efcf67d170222472347ac500b3595"},"sourceUploadUrl":"https://storage.googleapis.com/uploads-691601384155.us-central1.cloudfunctions.appspot.com/88f924d5-20ca-46d6-ab7d-10f91af40bc5.zip?GoogleAccessId=service-167979714661@gcf-admin-robot.iam.gserviceaccount.com&Expires=1711699733&Signature=A09JExOq158IvQmKgWrAOpLScOZnOh3rvmPra9q1hsbLYL9QlEQBHx7Amt9qrzwhoTRalskvlekXX7pt1ZYHqma4Fma2lKbm6HNY5F198dwQKO3SZASWOqfLVw7X6AwWmLZT3CySiCMRJbiCRewzNfAbGXvV6I2UnQ6nMBZMNXmOX6s3rk8OqiaMTk%2FPQgRGHqcHYkTuia%2FPfWGRB4409%2Fid8ZwDGfV2u9ddeJz0WsFAnh69OdJctkbPPmwTZjAB%2FBrAXjWQWQKPUFRrGKltBX5WRQSMLiHhTMo7%2Brd1Tjwox7yCLuIcMqhLMRpAgqsF7jSegkmc00L1Ja%2B0AfeXnQ%3D%3D","environmentVariables":{"FIREBASE_CONFIG":"{\"projectId\":\"mediflow-568ba\",\"storageBucket\":\"mediflow-568ba.appspot.com\",\"locationId\":\"us-central\"}","GCLOUD_PROJECT":"mediflow-568ba","EVENTARC_CLOUD_EVENT_SOURCE":"projects/mediflow-568ba/locations/us-central1/functions/retrieveTestData"},"runtime":"nodejs18","buildId":"93ade4b7-602f-47a0-a365-f3f31f2c366c","buildEnvironmentVariables":{"GOOGLE_NODE_RUN_SCRIPTS":""},"sourceToken":"f7bac28b-6de4-4802-b7ed-9ade66180c0c","buildName":"projects/167979714661/locations/us-central1/builds/93ade4b7-602f-47a0-a365-f3f31f2c366c","dockerRegistry":"ARTIFACT_REGISTRY","automaticUpdatePolicy":{}},"versionId":"2","updateTime":"2024-03-29T07:39:53Z","buildId":"d5e96cef-94ef-4828-9f2d-ba3dffef6f57","sourceToken":"f7bac28b-6de4-4802-b7ed-9ade66180c0c","buildName":"projects/167979714661/locations/us-central1/builds/d5e96cef-94ef-4828-9f2d-ba3dffef6f57"}}
[debug] [2024-03-29T07:39:53.683Z] Got source token f7bac28b-6de4-4802-b7ed-9ade66180c0c for region us-central1
[debug] [2024-03-29T07:39:54.683Z] [update-default-us-central1-retrieveTestData] Retrying task index 0
[debug] [2024-03-29T07:39:54.684Z] >>> [apiv2][query] GET https://cloudfunctions.googleapis.com/v1/operations/bWVkaWZsb3ctNTY4YmEvdXMtY2VudHJhbDEvcmV0cmlldmVUZXN0RGF0YS9QTkNWYXRQbGR3RQ [none]
[debug] [2024-03-29T07:39:54.881Z] <<< [apiv2][status] GET https://cloudfunctions.googleapis.com/v1/operations/bWVkaWZsb3ctNTY4YmEvdXMtY2VudHJhbDEvcmV0cmlldmVUZXN0RGF0YS9QTkNWYXRQbGR3RQ 200
[debug] [2024-03-29T07:39:54.881Z] <<< [apiv2][body] GET https://cloudfunctions.googleapis.com/v1/operations/bWVkaWZsb3ctNTY4YmEvdXMtY2VudHJhbDEvcmV0cmlldmVUZXN0RGF0YS9QTkNWYXRQbGR3RQ {"name":"operations/bWVkaWZsb3ctNTY4YmEvdXMtY2VudHJhbDEvcmV0cmlldmVUZXN0RGF0YS9QTkNWYXRQbGR3RQ","metadata":{"@type":"type.googleapis.com/google.cloud.functions.v1.OperationMetadataV1","target":"projects/mediflow-568ba/locations/us-central1/functions/retrieveTestData","type":"UPDATE_FUNCTION","request":{"@type":"type.googleapis.com/google.cloud.functions.v1.CloudFunction","name":"projects/mediflow-568ba/locations/us-central1/functions/retrieveTestData","httpsTrigger":{"url":"https://us-central1-mediflow-568ba.cloudfunctions.net/retrieveTestData","securityLevel":"SECURE_ALWAYS"},"status":"ACTIVE","entryPoint":"retrieveTestData","updateTime":"2024-03-29T05:58:57.242Z","versionId":"1","labels":{"deployment-tool":"cli-firebase","deployment-callable":"true","firebase-functions-hash":"0d321698c72efcf67d170222472347ac500b3595"},"sourceUploadUrl":"https://storage.googleapis.com/uploads-691601384155.us-central1.cloudfunctions.appspot.com/88f924d5-20ca-46d6-ab7d-10f91af40bc5.zip?GoogleAccessId=service-167979714661@gcf-admin-robot.iam.gserviceaccount.com&Expires=1711699733&Signature=A09JExOq158IvQmKgWrAOpLScOZnOh3rvmPra9q1hsbLYL9QlEQBHx7Amt9qrzwhoTRalskvlekXX7pt1ZYHqma4Fma2lKbm6HNY5F198dwQKO3SZASWOqfLVw7X6AwWmLZT3CySiCMRJbiCRewzNfAbGXvV6I2UnQ6nMBZMNXmOX6s3rk8OqiaMTk%2FPQgRGHqcHYkTuia%2FPfWGRB4409%2Fid8ZwDGfV2u9ddeJz0WsFAnh69OdJctkbPPmwTZjAB%2FBrAXjWQWQKPUFRrGKltBX5WRQSMLiHhTMo7%2Brd1Tjwox7yCLuIcMqhLMRpAgqsF7jSegkmc00L1Ja%2B0AfeXnQ%3D%3D","environmentVariables":{"FIREBASE_CONFIG":"{\"projectId\":\"mediflow-568ba\",\"storageBucket\":\"mediflow-568ba.appspot.com\",\"locationId\":\"us-central\"}","GCLOUD_PROJECT":"mediflow-568ba","EVENTARC_CLOUD_EVENT_SOURCE":"projects/mediflow-568ba/locations/us-central1/functions/retrieveTestData"},"runtime":"nodejs18","buildId":"93ade4b7-602f-47a0-a365-f3f31f2c366c","buildEnvironmentVariables":{"GOOGLE_NODE_RUN_SCRIPTS":""},"sourceToken":"f7bac28b-6de4-4802-b7ed-9ade66180c0c","buildName":"projects/167979714661/locations/us-central1/builds/93ade4b7-602f-47a0-a365-f3f31f2c366c","dockerRegistry":"ARTIFACT_REGISTRY","automaticUpdatePolicy":{}},"versionId":"2","updateTime":"2024-03-29T07:39:53Z","buildId":"d5e96cef-94ef-4828-9f2d-ba3dffef6f57","sourceToken":"f7bac28b-6de4-4802-b7ed-9ade66180c0c","buildName":"projects/167979714661/locations/us-central1/builds/d5e96cef-94ef-4828-9f2d-ba3dffef6f57"}}
[debug] [2024-03-29T07:39:54.881Z] Got source token f7bac28b-6de4-4802-b7ed-9ade66180c0c for region us-central1
[debug] [2024-03-29T07:39:56.881Z] [update-default-us-central1-retrieveTestData] Retrying task index 0
[debug] [2024-03-29T07:39:56.881Z] >>> [apiv2][query] GET https://cloudfunctions.googleapis.com/v1/operations/bWVkaWZsb3ctNTY4YmEvdXMtY2VudHJhbDEvcmV0cmlldmVUZXN0RGF0YS9QTkNWYXRQbGR3RQ [none]
[debug] [2024-03-29T07:39:57.129Z] <<< [apiv2][status] GET https://cloudfunctions.googleapis.com/v1/operations/bWVkaWZsb3ctNTY4YmEvdXMtY2VudHJhbDEvcmV0cmlldmVUZXN0RGF0YS9QTkNWYXRQbGR3RQ 200
[debug] [2024-03-29T07:39:57.129Z] <<< [apiv2][body] GET https://cloudfunctions.googleapis.com/v1/operations/bWVkaWZsb3ctNTY4YmEvdXMtY2VudHJhbDEvcmV0cmlldmVUZXN0RGF0YS9QTkNWYXRQbGR3RQ {"name":"operations/bWVkaWZsb3ctNTY4YmEvdXMtY2VudHJhbDEvcmV0cmlldmVUZXN0RGF0YS9QTkNWYXRQbGR3RQ","metadata":{"@type":"type.googleapis.com/google.cloud.functions.v1.OperationMetadataV1","target":"projects/mediflow-568ba/locations/us-central1/functions/retrieveTestData","type":"UPDATE_FUNCTION","request":{"@type":"type.googleapis.com/google.cloud.functions.v1.CloudFunction","name":"projects/mediflow-568ba/locations/us-central1/functions/retrieveTestData","httpsTrigger":{"url":"https://us-central1-mediflow-568ba.cloudfunctions.net/retrieveTestData","securityLevel":"SECURE_ALWAYS"},"status":"ACTIVE","entryPoint":"retrieveTestData","updateTime":"2024-03-29T05:58:57.242Z","versionId":"1","labels":{"deployment-tool":"cli-firebase","deployment-callable":"true","firebase-functions-hash":"0d321698c72efcf67d170222472347ac500b3595"},"sourceUploadUrl":"https://storage.googleapis.com/uploads-691601384155.us-central1.cloudfunctions.appspot.com/88f924d5-20ca-46d6-ab7d-10f91af40bc5.zip?GoogleAccessId=service-167979714661@gcf-admin-robot.iam.gserviceaccount.com&Expires=1711699733&Signature=A09JExOq158IvQmKgWrAOpLScOZnOh3rvmPra9q1hsbLYL9QlEQBHx7Amt9qrzwhoTRalskvlekXX7pt1ZYHqma4Fma2lKbm6HNY5F198dwQKO3SZASWOqfLVw7X6AwWmLZT3CySiCMRJbiCRewzNfAbGXvV6I2UnQ6nMBZMNXmOX6s3rk8OqiaMTk%2FPQgRGHqcHYkTuia%2FPfWGRB4409%2Fid8ZwDGfV2u9ddeJz0WsFAnh69OdJctkbPPmwTZjAB%2FBrAXjWQWQKPUFRrGKltBX5WRQSMLiHhTMo7%2Brd1Tjwox7yCLuIcMqhLMRpAgqsF7jSegkmc00L1Ja%2B0AfeXnQ%3D%3D","environmentVariables":{"FIREBASE_CONFIG":"{\"projectId\":\"mediflow-568ba\",\"storageBucket\":\"mediflow-568ba.appspot.com\",\"locationId\":\"us-central\"}","GCLOUD_PROJECT":"mediflow-568ba","EVENTARC_CLOUD_EVENT_SOURCE":"projects/mediflow-568ba/locations/us-central1/functions/retrieveTestData"},"runtime":"nodejs18","buildId":"93ade4b7-602f-47a0-a365-f3f31f2c366c","buildEnvironmentVariables":{"GOOGLE_NODE_RUN_SCRIPTS":""},"sourceToken":"f7bac28b-6de4-4802-b7ed-9ade66180c0c","buildName":"projects/167979714661/locations/us-central1/builds/93ade4b7-602f-47a0-a365-f3f31f2c366c","dockerRegistry":"ARTIFACT_REGISTRY","automaticUpdatePolicy":{}},"versionId":"2","updateTime":"2024-03-29T07:39:53Z","buildId":"d5e96cef-94ef-4828-9f2d-ba3dffef6f57","sourceToken":"f7bac28b-6de4-4802-b7ed-9ade66180c0c","buildName":"projects/167979714661/locations/us-central1/builds/d5e96cef-94ef-4828-9f2d-ba3dffef6f57"}}
[debug] [2024-03-29T07:39:57.130Z] Got source token f7bac28b-6de4-4802-b7ed-9ade66180c0c for region us-central1
